[debug] [2024-04-16T20:44:49.771Z] ----------------------------------------------------------------------
[debug] [2024-04-16T20:44:49.776Z] Command:       C:\Program Files\nodejs\node.exe C:\Users\XPRISTO\AppData\Roaming\npm\node_modules\firebase-tools\lib\bin\firebase.js login
[debug] [2024-04-16T20:44:49.776Z] CLI Version:   13.7.2
[debug] [2024-04-16T20:44:49.777Z] Platform:      win32
[debug] [2024-04-16T20:44:49.777Z] Node Version:  v20.11.0
[debug] [2024-04-16T20:44:49.777Z] Time:          Tue Apr 16 2024 22:44:49 GMT+0200 (توقيت وسط أوروبا الصيفي)
[debug] [2024-04-16T20:44:49.777Z] ----------------------------------------------------------------------
[debug] 
[info] i  Firebase optionally collects CLI and Emulator Suite usage and error reporting information to help improve our products. Data is collected in accordance with Google's privacy policy (https://policies.google.com/privacy) and is not used to identify you.
 
[info] i  To change your data collection preference at any time, run `firebase logout` and log in again. 
[info] 
[info] Visit this URL on this device to log in:
[info] https://accounts.google.com/o/oauth2/auth?client_id=563584335869-fgrhgmd47bqnekij5i8b5pr03ho849e6.apps.googleusercontent.com&scope=email%20openid%20https%3A%2F%2Fwww.googleapis.com%2Fauth%2Fcloudplatformprojects.readonly%20https%3A%2F%2Fwww.googleapis.com%2Fauth%2Ffirebase%20https%3A%2F%2Fwww.googleapis.com%2Fauth%2Fcloud-platform&response_type=code&state=857807277&redirect_uri=http%3A%2F%2Flocalhost%3A9007
[info] 
[info] Waiting for authentication...
[debug] [2024-04-16T20:44:52.225Z] Unable to open URL: Error: spawn UNKNOWN
    at ChildProcess.spawn (node:internal/child_process:421:11)
    at Object.spawn (node:child_process:761:9)
    at module.exports (C:\Users\XPRISTO\AppData\Roaming\npm\node_modules\firebase-tools\node_modules\open\index.js:114:34)
    at open (C:\Users\XPRISTO\AppData\Roaming\npm\node_modules\firebase-tools\lib\auth.js:137:5)
    at Server.<anonymous> (C:\Users\XPRISTO\AppData\Roaming\npm\node_modules\firebase-tools\lib\auth.js:369:13)
    at Object.onceWrapper (node:events:632:28)
    at Server.emit (node:events:530:35)
    at Server.emit (node:domain:488:12)
    at emitListeningNT (node:net:1906:10)
    at process.processTicksAndRejections (node:internal/process/task_queues:81:21)
