[debug] [2024-04-16T20:35:41.232Z] ----------------------------------------------------------------------
[debug] [2024-04-16T20:35:41.237Z] Command:       C:\Program Files\nodejs\node.exe C:\Users\XPRISTO\AppData\Roaming\npm\node_modules\firebase-tools\lib\bin\firebase.js login
[debug] [2024-04-16T20:35:41.238Z] CLI Version:   13.7.2
[debug] [2024-04-16T20:35:41.238Z] Platform:      win32
[debug] [2024-04-16T20:35:41.239Z] Node Version:  v20.11.0
[debug] [2024-04-16T20:35:41.239Z] Time:          Tue Apr 16 2024 22:35:41 GMT+0200 (توقيت وسط أوروبا الصيفي)
[debug] [2024-04-16T20:35:41.239Z] ----------------------------------------------------------------------
[debug] 
[debug] [2024-04-16T20:35:41.244Z] >>> [apiv2][query] GET https://firebase-public.firebaseio.com/cli.json [none]
[info] i  Firebase optionally collects CLI and Emulator Suite usage and error reporting information to help improve our products. Data is collected in accordance with Google's privacy policy (https://policies.google.com/privacy) and is not used to identify you.
 
[debug] [2024-04-16T20:35:41.888Z] <<< [apiv2][status] GET https://firebase-public.firebaseio.com/cli.json 200
[debug] [2024-04-16T20:35:41.890Z] <<< [apiv2][body] GET https://firebase-public.firebaseio.com/cli.json {"cloudBuildErrorAfter":1594252800000,"cloudBuildWarnAfter":1590019200000,"defaultNode10After":1594252800000,"minVersion":"3.0.5","node8DeploysDisabledAfter":1613390400000,"node8RuntimeDisabledAfter":1615809600000,"node8WarnAfter":1600128000000}
[info] i  To change your data collection preference at any time, run `firebase logout` and log in again. 
[info] 
[info] Visit this URL on this device to log in:
[info] https://accounts.google.com/o/oauth2/auth?client_id=563584335869-fgrhgmd47bqnekij5i8b5pr03ho849e6.apps.googleusercontent.com&scope=email%20openid%20https%3A%2F%2Fwww.googleapis.com%2Fauth%2Fcloudplatformprojects.readonly%20https%3A%2F%2Fwww.googleapis.com%2Fauth%2Ffirebase%20https%3A%2F%2Fwww.googleapis.com%2Fauth%2Fcloud-platform&response_type=code&state=636825082&redirect_uri=http%3A%2F%2Flocalhost%3A9005
[info] 
[info] Waiting for authentication...
[debug] [2024-04-16T20:35:46.885Z] Unable to open URL: Error: spawn UNKNOWN
    at ChildProcess.spawn (node:internal/child_process:421:11)
    at Object.spawn (node:child_process:761:9)
    at module.exports (C:\Users\XPRISTO\AppData\Roaming\npm\node_modules\firebase-tools\node_modules\open\index.js:114:34)
    at open (C:\Users\XPRISTO\AppData\Roaming\npm\node_modules\firebase-tools\lib\auth.js:137:5)
    at Server.<anonymous> (C:\Users\XPRISTO\AppData\Roaming\npm\node_modules\firebase-tools\lib\auth.js:369:13)
    at Object.onceWrapper (node:events:632:28)
    at Server.emit (node:events:530:35)
    at Server.emit (node:domain:488:12)
    at emitListeningNT (node:net:1906:10)
    at process.processTicksAndRejections (node:internal/process/task_queues:81:21)
[debug] [2024-04-16T20:41:38.804Z] ----------------------------------------------------------------------
[debug] [2024-04-16T20:41:38.809Z] Command:       C:\Program Files\nodejs\node.exe C:\Users\XPRISTO\AppData\Roaming\npm\node_modules\firebase-tools\lib\bin\firebase.js login
[debug] [2024-04-16T20:41:38.810Z] CLI Version:   13.7.2
[debug] [2024-04-16T20:41:38.810Z] Platform:      win32
[debug] [2024-04-16T20:41:38.810Z] Node Version:  v20.11.0
[debug] [2024-04-16T20:41:38.810Z] Time:          Tue Apr 16 2024 22:41:38 GMT+0200 (توقيت وسط أوروبا الصيفي)
[debug] [2024-04-16T20:41:38.811Z] ----------------------------------------------------------------------
[debug] 
[info] i  Firebase optionally collects CLI and Emulator Suite usage and error reporting information to help improve our products. Data is collected in accordance with Google's privacy policy (https://policies.google.com/privacy) and is not used to identify you.
 
[info] i  To change your data collection preference at any time, run `firebase logout` and log in again. 
[info] 
[info] Visit this URL on this device to log in:
[info] https://accounts.google.com/o/oauth2/auth?client_id=563584335869-fgrhgmd47bqnekij5i8b5pr03ho849e6.apps.googleusercontent.com&scope=email%20openid%20https%3A%2F%2Fwww.googleapis.com%2Fauth%2Fcloudplatformprojects.readonly%20https%3A%2F%2Fwww.googleapis.com%2Fauth%2Ffirebase%20https%3A%2F%2Fwww.googleapis.com%2Fauth%2Fcloud-platform&response_type=code&state=904047552&redirect_uri=http%3A%2F%2Flocalhost%3A9006
[info] 
[info] Waiting for authentication...
[debug] [2024-04-16T20:41:42.352Z] Unable to open URL: Error: spawn UNKNOWN
    at ChildProcess.spawn (node:internal/child_process:421:11)
    at Object.spawn (node:child_process:761:9)
    at module.exports (C:\Users\XPRISTO\AppData\Roaming\npm\node_modules\firebase-tools\node_modules\open\index.js:114:34)
    at open (C:\Users\XPRISTO\AppData\Roaming\npm\node_modules\firebase-tools\lib\auth.js:137:5)
    at Server.<anonymous> (C:\Users\XPRISTO\AppData\Roaming\npm\node_modules\firebase-tools\lib\auth.js:369:13)
    at Object.onceWrapper (node:events:632:28)
    at Server.emit (node:events:530:35)
    at Server.emit (node:domain:488:12)
    at emitListeningNT (node:net:1906:10)
    at process.processTicksAndRejections (node:internal/process/task_queues:81:21)
[debug] [2024-04-16T20:44:06.273Z] ----------------------------------------------------------------------
[debug] [2024-04-16T20:44:06.278Z] Command:       C:\Program Files\nodejs\node.exe C:\Users\XPRISTO\AppData\Roaming\npm\node_modules\firebase-tools\lib\bin\firebase.js init
[debug] [2024-04-16T20:44:06.279Z] CLI Version:   13.7.2
[debug] [2024-04-16T20:44:06.279Z] Platform:      win32
[debug] [2024-04-16T20:44:06.279Z] Node Version:  v20.11.0
[debug] [2024-04-16T20:44:06.279Z] Time:          Tue Apr 16 2024 22:44:06 GMT+0200 (توقيت وسط أوروبا الصيفي)
[debug] [2024-04-16T20:44:06.280Z] ----------------------------------------------------------------------
[debug] 
[debug] [2024-04-16T20:44:06.291Z] > command requires scopes: ["email","openid","https://www.googleapis.com/auth/cloudplatformprojects.readonly","https://www.googleapis.com/auth/firebase","https://www.googleapis.com/auth/cloud-platform"]
[debug] [2024-04-16T20:44:07.128Z] Error: Could not load the default credentials. Browse to https://cloud.google.com/docs/authentication/getting-started for more information.
    at GoogleAuth.getApplicationDefaultAsync (C:\Users\XPRISTO\AppData\Roaming\npm\node_modules\firebase-tools\node_modules\google-auth-library\build\src\auth\googleauth.js:183:19)
    at process.processTicksAndRejections (node:internal/process/task_queues:95:5)
    at async GoogleAuth.getClient (C:\Users\XPRISTO\AppData\Roaming\npm\node_modules\firebase-tools\node_modules\google-auth-library\build\src\auth\googleauth.js:565:17)
    at async GoogleAuth.getAccessToken (C:\Users\XPRISTO\AppData\Roaming\npm\node_modules\firebase-tools\node_modules\google-auth-library\build\src\auth\googleauth.js:587:24)
    at async autoAuth (C:\Users\XPRISTO\AppData\Roaming\npm\node_modules\firebase-tools\lib\requireAuth.js:25:19)
    at async Object.requireAuth [as fn] (C:\Users\XPRISTO\AppData\Roaming\npm\node_modules\firebase-tools\lib\requireAuth.js:65:20)
    at async C:\Users\XPRISTO\AppData\Roaming\npm\node_modules\firebase-tools\lib\command.js:226:17
[error] 
[error] Error: Failed to authenticate, have you run firebase login?
